[2026-05-26T19:47:27.266Z] GET http://localhost:4321/dantist → pending (?ms, ?B)
[2026-05-26T19:47:27.616Z] GET https://fonts.googleapis.com/css2?family=Cormorant+Garamond:ital,wght@0,300;0,400;0,500;0,600;1,300;1,400&family=DM+Sans:opsz,wght@9..40,300;9..40,400;9..40,500&display=swap → 200 (166ms, 14821B)
[2026-05-26T19:47:27.616Z] GET http://localhost:4321/src/pages/index.astro?astro&type=script&index=0&lang.ts → 200 (18ms, 4062B)
[2026-05-26T19:47:27.616Z] GET http://localhost:4321/src/components/Nav.astro?astro&type=script&index=0&lang.ts → 200 (18ms, 10343B)
[2026-05-26T19:47:27.616Z] GET http://localhost:4321/@vite/client → 200 (23ms, 247259B)
[2026-05-26T19:47:27.616Z] GET http://localhost:4321/@fs/Users/yaroslavpikiner/Desktop/natura-dental/node_modules/astro/dist/runtime/client/dev-toolbar/entrypoint.js?v=8c056afb → 200 (25ms, 58241B)
[2026-05-26T19:47:27.616Z] GET http://localhost:4321/src/styles/global.css → 200 (27ms, 5511B)
[2026-05-26T19:47:27.617Z] GET http://localhost:4321/src/components/AnnouncementBar.astro?astro&type=style&index=0&lang.css → 200 (17ms, 1259B)
[2026-05-26T19:47:27.617Z] GET http://localhost:4321/src/components/Nav.astro?astro&type=style&index=0&lang.css → 200 (17ms, 4735B)
[2026-05-26T19:47:27.617Z] GET http://localhost:4321/src/components/Hero.astro?astro&type=style&index=0&lang.css → 200 (18ms, 4489B)
[2026-05-26T19:47:27.617Z] GET http://localhost:4321/src/components/Marquee.astro?astro&type=style&index=0&lang.css → 200 (21ms, 1172B)
[2026-05-26T19:47:27.617Z] GET http://localhost:4321/src/components/Services.astro?astro&type=style&index=0&lang.css → 200 (24ms, 2904B)
[2026-05-26T19:47:27.617Z] GET http://localhost:4321/src/components/Results.astro?astro&type=style&index=0&lang.css → 200 (25ms, 1028B)
[2026-05-26T19:47:27.617Z] GET http://localhost:4321/src/components/About.astro?astro&type=style&index=0&lang.css → 200 (26ms, 2000B)
[2026-05-26T19:47:27.617Z] GET http://localhost:4321/src/components/Process.astro?astro&type=style&index=0&lang.css → 200 (27ms, 2415B)
[2026-05-26T19:47:27.618Z] GET http://localhost:4321/src/components/Reviews.astro?astro&type=style&index=0&lang.css → 200 (26ms, 1075B)
[2026-05-26T19:47:27.618Z] GET http://localhost:4321/src/components/Gallery.astro?astro&type=style&index=0&lang.css → 200 (27ms, 1451B)
[2026-05-26T19:47:27.618Z] GET http://localhost:4321/src/components/Prices.astro?astro&type=style&index=0&lang.css → 200 (29ms, 1216B)
[2026-05-26T19:47:27.618Z] GET http://localhost:4321/src/components/Contact.astro?astro&type=style&index=0&lang.css → 200 (29ms, 3693B)
[2026-05-26T19:47:27.618Z] GET http://localhost:4321/src/components/Footer.astro?astro&type=style&index=0&lang.css → 200 (30ms, 2469B)
[2026-05-26T19:47:27.639Z] GET http://localhost:4321/node_modules/vite/dist/client/env.mjs → 200 (9ms, 4756B)
[2026-05-26T19:47:27.641Z] GET http://localhost:4321/@id/__x00__astro:toolbar:internal → 200 (7ms, 8908B)
[2026-05-26T19:47:27.641Z] GET http://localhost:4321/node_modules/astro/dist/runtime/client/dev-toolbar/helpers.js?v=8c056afb → 200 (8ms, 14831B)
[2026-05-26T19:47:27.641Z] GET http://localhost:4321/node_modules/astro/dist/runtime/client/dev-toolbar/settings.js?v=8c056afb → 200 (8ms, 8139B)
[2026-05-26T19:47:27.793Z] GET http://localhost:4321/@id/astro:scripts/before-hydration.js → 200 (56ms, 1008B)
[2026-05-26T19:47:27.849Z] GET https://fonts.gstatic.com/s/dmsans/v17/rP2Hp2ywxg089UriCZOIHTWEBlw.woff2 → 200 (151ms, 62556B)
[2026-05-26T19:47:27.849Z] GET https://fonts.gstatic.com/s/cormorantgaramond/v21/co3bmX5slCNuHLi8bLeY9MK7whWMhyjYqXtKky2F7g.woff2 → 200 (195ms, 37776B)
[2026-05-26T19:47:27.849Z] GET https://fonts.gstatic.com/s/cormorantgaramond/v21/co3ZmX5slCNuHLi8bLeY9MK7whWMhyjYrEtImSqn7B6D.woff2 → 200 (181ms, 39304B)
[2026-05-26T19:47:27.849Z] GET https://fonts.gstatic.com/s/cormorantgaramond/v21/co3bmX5slCNuHLi8bLeY9MK7whWMhyjYrXtKky2F7i6C.woff2 → 200 (187ms, 21132B)
[2026-05-26T19:47:27.849Z] GET https://fonts.gstatic.com/s/cormorantgaramond/v21/co3ZmX5slCNuHLi8bLeY9MK7whWMhyjYrEtMmSqn7B6DxjY.woff2 → 200 (171ms, 21264B)
[2026-05-26T19:47:27.919Z] GET https://fonts.gstatic.com/s/dmsans/v17/rP2Hp2ywxg089UriCZ2IHTWEBlwu8Q.woff2 → 200 (100ms, 31312B)
[2026-05-26T19:47:27.919Z] GET http://localhost:4321/@react-refresh → 200 (17ms, 117548B)
[2026-05-26T19:47:27.928Z] GET http://localhost:4321/node_modules/astro/dist/runtime/client/dev-toolbar/apps/astro.js?v=8c056afb → 200 (15ms, 111951B)
[2026-05-26T19:47:27.928Z] GET http://localhost:4321/node_modules/astro/dist/runtime/client/dev-toolbar/apps/audit/index.js?v=8c056afb → 200 (14ms, 37557B)
[2026-05-26T19:47:27.928Z] GET http://localhost:4321/node_modules/astro/dist/runtime/client/dev-toolbar/apps/xray.js?v=8c056afb → 200 (15ms, 31827B)
[2026-05-26T19:47:27.928Z] GET http://localhost:4321/node_modules/astro/dist/runtime/client/dev-toolbar/apps/settings.js?v=8c056afb → 200 (14ms, 35502B)
[2026-05-26T19:47:27.929Z] GET http://localhost:4321/node_modules/astro/dist/runtime/client/dev-toolbar/toolbar.js?v=8c056afb → 200 (15ms, 92343B)
[2026-05-26T19:47:27.929Z] GET http://localhost:4321/node_modules/astro/dist/runtime/client/dev-toolbar/ui-library/index.js?v=8c056afb → 200 (14ms, 6689B)
[2026-05-26T19:47:27.944Z] GET http://localhost:4321/node_modules/astro/dist/runtime/client/dev-toolbar/apps/utils/highlight.js?v=8c056afb → 200 (8ms, 12214B)
[2026-05-26T19:47:27.944Z] GET http://localhost:4321/node_modules/astro/dist/runtime/client/dev-toolbar/apps/utils/window.js?v=8c056afb → 200 (8ms, 7919B)
[2026-05-26T19:47:27.944Z] GET http://localhost:4321/node_modules/astro/dist/runtime/client/dev-toolbar/apps/audit/rules/index.js?v=8c056afb → 200 (8ms, 7299B)
[2026-05-26T19:47:27.944Z] GET http://localhost:4321/node_modules/astro/dist/runtime/client/dev-toolbar/apps/audit/ui/audit-list-item.js?v=8c056afb → 200 (9ms, 17688B)
[2026-05-26T19:47:27.944Z] GET http://localhost:4321/node_modules/astro/dist/runtime/client/dev-toolbar/apps/audit/ui/audit-list-window.js?v=8c056afb → 200 (9ms, 54544B)
[2026-05-26T19:47:27.944Z] GET http://localhost:4321/node_modules/astro/dist/runtime/client/dev-toolbar/apps/audit/ui/audit-ui.js?v=8c056afb → 200 (9ms, 28504B)
[2026-05-26T19:47:27.944Z] GET http://localhost:4321/node_modules/astro/dist/runtime/client/dev-toolbar/ui-library/window.js?v=8c056afb → 200 (11ms, 20160B)
[2026-05-26T19:47:27.944Z] GET http://localhost:4321/node_modules/html-escaper/esm/index.js?v=8c056afb → 200 (11ms, 13364B)
[2026-05-26T19:47:27.944Z] GET http://localhost:4321/node_modules/astro/dist/runtime/client/dev-toolbar/ui-library/icons.js?v=8c056afb → 200 (14ms, 277481B)
[2026-05-26T19:47:27.944Z] GET http://localhost:4321/node_modules/astro/dist/runtime/client/dev-toolbar/apps/utils/icons.js?v=8c056afb → 200 (14ms, 5902B)
[2026-05-26T19:47:27.944Z] GET http://localhost:4321/node_modules/astro/dist/runtime/client/dev-toolbar/ui-library/badge.js?v=8c056afb → 200 (16ms, 17172B)
[2026-05-26T19:47:27.944Z] GET http://localhost:4321/node_modules/astro/dist/runtime/client/dev-toolbar/ui-library/button.js?v=8c056afb → 200 (17ms, 26819B)
[2026-05-26T19:47:27.944Z] GET http://localhost:4321/node_modules/astro/dist/runtime/client/dev-toolbar/ui-library/card.js?v=8c056afb → 200 (17ms, 20603B)
[2026-05-26T19:47:27.944Z] GET http://localhost:4321/node_modules/astro/dist/runtime/client/dev-toolbar/ui-library/highlight.js?v=8c056afb → 200 (17ms, 22416B)
[2026-05-26T19:47:27.944Z] GET http://localhost:4321/node_modules/astro/dist/runtime/client/dev-toolbar/ui-library/icon.js?v=8c056afb → 200 (17ms, 5971B)
[2026-05-26T19:47:27.944Z] GET http://localhost:4321/node_modules/astro/dist/runtime/client/dev-toolbar/ui-library/select.js?v=8c056afb → 200 (17ms, 18569B)
[2026-05-26T19:47:27.944Z] GET http://localhost:4321/node_modules/astro/dist/runtime/client/dev-toolbar/ui-library/toggle.js?v=8c056afb → 200 (17ms, 19596B)
[2026-05-26T19:47:27.944Z] GET http://localhost:4321/node_modules/astro/dist/runtime/client/dev-toolbar/ui-library/tooltip.js?v=8c056afb → 200 (18ms, 24028B)
[2026-05-26T19:47:27.944Z] GET http://localhost:4321/node_modules/astro/dist/runtime/client/dev-toolbar/ui-library/radio-checkbox.js?v=8c056afb → 200 (23ms, 17056B)
[2026-05-26T19:47:27.950Z] GET http://localhost:4321/src/components/animations/BlurText.tsx → 200 (132ms, 7409B)
[2026-05-26T19:47:27.950Z] GET http://localhost:4321/node_modules/.vite/deps/@astrojs_react_client__js.js?v=1f20272c → 200 (19ms, 5052B)
[2026-05-26T19:47:27.950Z] GET http://localhost:4321/src/components/animations/SplitText.tsx → 200 (133ms, 7724B)
[2026-05-26T19:47:27.950Z] GET http://localhost:4321/src/components/animations/GradientText.tsx → 200 (117ms, 4027B)
[2026-05-26T19:47:27.950Z] GET http://localhost:4321/src/components/ZoomerMode.tsx → 200 (175ms, 129917B)
[2026-05-26T19:47:27.953Z] GET http://localhost:4321/src/components/backgrounds/BeamsBg.tsx → 200 (141ms, 12499B)
[2026-05-26T19:47:27.953Z] GET http://localhost:4321/node_modules/astro/dist/runtime/client/dev-toolbar/apps/audit/rules/a11y.js?v=8c056afb → 200 (112ms, 125007B)
[2026-05-26T19:47:27.953Z] GET http://localhost:4321/node_modules/astro/dist/runtime/client/dev-toolbar/apps/audit/rules/perf.js?v=8c056afb → 200 (125ms, 22594B)
[2026-05-26T19:47:27.953Z] GET http://localhost:4321/src/components/ScrollPopup.tsx → 200 (172ms, 11637B)
[2026-05-26T19:47:27.969Z] GET http://localhost:4321/node_modules/.vite/deps/chunk-TYILIMWK.js?v=8c056afb → 200 (125ms, 928095B)
[2026-05-26T19:47:27.969Z] GET http://localhost:4321/node_modules/.vite/deps/chunk-CANBAPAS.js?v=8c056afb → 200 (121ms, 77818B)
[2026-05-26T19:47:27.969Z] GET http://localhost:4321/node_modules/.vite/deps/chunk-5WRI5ZAA.js?v=8c056afb → 200 (120ms, 1400B)
[2026-05-26T19:47:28.065Z] GET http://localhost:4321/node_modules/.vite/deps/astro___aria-query.js?v=1f20272c → 200 (29ms, 205280B)
[2026-05-26T19:47:28.065Z] GET http://localhost:4321/node_modules/.vite/deps/astro___axobject-query.js?v=1f20272c → 200 (59ms, 112534B)
[2026-05-26T19:47:28.067Z] GET http://localhost:4321/node_modules/.vite/deps/react_jsx-dev-runtime.js?v=1f20272c → 200 (58ms, 37035B)
[2026-05-26T19:47:28.083Z] GET http://localhost:4321/node_modules/.vite/deps/react.js?v=1f20272c → 200 (42ms, 219B)
[2026-05-26T19:47:28.138Z] GET http://localhost:4321/src/lib/supabase.ts → 200 (10ms, 1652B)
[2026-05-26T19:47:28.138Z] GET http://localhost:4321/src/components/ContactForm.tsx → 200 (11ms, 28146B)
[2026-05-26T19:47:28.157Z] GET http://localhost:4321/node_modules/.vite/deps/@supabase_supabase-js.js?v=7333814f → 200 (8ms, 721645B)
[2026-05-26T19:47:28.185Z] GET https://fonts.googleapis.com/css2?family=Syne:wght@700;800&family=Space+Grotesk:wght@300;400;500&display=swap → 200 (49ms, 6179B)
[2026-05-26T19:47:28.257Z] GET https://fonts.gstatic.com/s/syne/v24/8vIH7w4qzmVxm2BL9G78HEY.woff2 → 200 (31ms, 34560B)
[2026-05-26T19:47:40.002Z] GET https://fonts.gstatic.com/s/spacegrotesk/v22/V8mDoQDjQSkFtoMM3T6r8E7mPbF4C_k3HqU.woff2 → 200 (41ms, 22320B)
[2026-05-26T19:47:40.002Z] GET https://fonts.gstatic.com/s/syne/v24/8vIH7w4qzmVxm2BL9G78HEY.woff2 → 200 (7ms, 34560B)
[2026-05-26T19:47:40.002Z] GET https://fonts.gstatic.com/s/spacegrotesk/v22/V8mDoQDjQSkFtoMM3T6r8E7mPbF4C_k3HqU.woff2 → 200 (40ms, 22320B)
[2026-05-26T19:47:58.554Z] GET http://localhost:4321/src/components/animations/CountUp.tsx → 200 (14ms, 6670B)
[2026-05-26T19:49:35.736Z] GET http://localhost:4321/ → pending (?ms, ?B)
[2026-05-26T19:49:36.731Z] GET http://localhost:4321/ → pending (?ms, ?B)
[2026-05-26T19:49:37.733Z] GET http://localhost:4321/ → pending (?ms, ?B)
[2026-05-26T19:49:38.736Z] GET http://localhost:4321/ → pending (?ms, ?B)
[2026-05-26T19:49:39.737Z] GET http://localhost:4321/ → pending (?ms, ?B)
[2026-05-26T19:49:40.739Z] GET http://localhost:4321/ → pending (?ms, ?B)
[2026-05-26T19:49:41.741Z] GET http://localhost:4321/ → pending (?ms, ?B)
[2026-05-26T19:49:42.745Z] GET http://localhost:4321/ → pending (?ms, ?B)
[2026-05-26T19:49:43.748Z] GET http://localhost:4321/ → pending (?ms, ?B)
[2026-05-26T19:49:44.750Z] GET http://localhost:4321/ → pending (?ms, ?B)
[2026-05-26T19:49:45.752Z] GET http://localhost:4321/ → pending (?ms, ?B)
[2026-05-26T19:49:46.758Z] GET http://localhost:4321/ → pending (?ms, ?B)
[2026-05-26T19:49:47.759Z] GET http://localhost:4321/ → pending (?ms, ?B)
[2026-05-26T19:49:48.762Z] GET http://localhost:4321/ → pending (?ms, ?B)
[2026-05-26T19:49:49.765Z] GET http://localhost:4321/ → pending (?ms, ?B)
[2026-05-26T19:49:50.768Z] GET http://localhost:4321/ → pending (?ms, ?B)
[2026-05-26T19:49:51.769Z] GET http://localhost:4321/ → pending (?ms, ?B)
[2026-05-26T19:49:52.773Z] GET http://localhost:4321/ → pending (?ms, ?B)
[2026-05-26T19:49:53.774Z] GET http://localhost:4321/ → pending (?ms, ?B)
[2026-05-26T19:49:54.776Z] GET http://localhost:4321/ → pending (?ms, ?B)
[2026-05-26T19:49:55.779Z] GET http://localhost:4321/ → pending (?ms, ?B)
[2026-05-26T19:49:56.784Z] GET http://localhost:4321/ → pending (?ms, ?B)
[2026-05-26T19:49:57.786Z] GET http://localhost:4321/ → pending (?ms, ?B)
[2026-05-26T19:49:58.789Z] GET http://localhost:4321/ → pending (?ms, ?B)
[2026-05-26T19:49:59.791Z] GET http://localhost:4321/ → pending (?ms, ?B)
[2026-05-26T19:50:00.795Z] GET http://localhost:4321/ → pending (?ms, ?B)
[2026-05-26T19:50:01.798Z] GET http://localhost:4321/ → pending (?ms, ?B)
[2026-05-26T19:50:02.800Z] GET http://localhost:4321/ → pending (?ms, ?B)
[2026-05-26T19:50:03.802Z] GET http://localhost:4321/ → pending (?ms, ?B)
[2026-05-26T19:50:04.806Z] GET http://localhost:4321/ → pending (?ms, ?B)
[2026-05-26T19:50:05.807Z] GET http://localhost:4321/ → pending (?ms, ?B)
[2026-05-26T19:50:06.809Z] GET http://localhost:4321/ → pending (?ms, ?B)
[2026-05-26T19:50:07.812Z] GET http://localhost:4321/ → pending (?ms, ?B)
[2026-05-26T19:50:08.815Z] GET http://localhost:4321/ → pending (?ms, ?B)
[2026-05-26T19:50:09.817Z] GET http://localhost:4321/ → pending (?ms, ?B)
[2026-05-26T19:50:10.821Z] GET http://localhost:4321/ → pending (?ms, ?B)
[2026-05-26T19:50:11.824Z] GET http://localhost:4321/ → pending (?ms, ?B)
[2026-05-26T19:50:12.828Z] GET http://localhost:4321/ → pending (?ms, ?B)
[2026-05-26T19:50:13.829Z] GET http://localhost:4321/ → pending (?ms, ?B)
[2026-05-26T19:50:14.830Z] GET http://localhost:4321/ → pending (?ms, ?B)
[2026-05-26T19:50:15.833Z] GET http://localhost:4321/ → pending (?ms, ?B)
[2026-05-26T19:50:16.837Z] GET http://localhost:4321/ → pending (?ms, ?B)
[2026-05-26T19:50:17.839Z] GET http://localhost:4321/ → pending (?ms, ?B)
[2026-05-26T19:50:18.841Z] GET http://localhost:4321/ → pending (?ms, ?B)
[2026-05-26T19:50:19.845Z] GET http://localhost:4321/ → pending (?ms, ?B)
[2026-05-26T19:50:20.846Z] GET http://localhost:4321/ → pending (?ms, ?B)
[2026-05-26T19:50:21.848Z] GET http://localhost:4321/ → pending (?ms, ?B)
[2026-05-26T19:50:22.854Z] GET http://localhost:4321/ → pending (?ms, ?B)
[2026-05-26T19:50:23.856Z] GET http://localhost:4321/ → pending (?ms, ?B)
[2026-05-26T19:50:24.858Z] GET http://localhost:4321/ → pending (?ms, ?B)
[2026-05-26T19:50:25.862Z] GET http://localhost:4321/ → pending (?ms, ?B)
[2026-05-26T19:50:26.864Z] GET http://localhost:4321/ → pending (?ms, ?B)
[2026-05-26T19:50:27.866Z] GET http://localhost:4321/ → pending (?ms, ?B)
[2026-05-26T19:50:28.870Z] GET http://localhost:4321/ → pending (?ms, ?B)
[2026-05-26T19:50:29.874Z] GET http://localhost:4321/ → pending (?ms, ?B)
[2026-05-26T19:50:30.875Z] GET http://localhost:4321/ → pending (?ms, ?B)
[2026-05-26T19:50:31.878Z] GET http://localhost:4321/ → pending (?ms, ?B)
[2026-05-26T19:50:32.885Z] GET http://localhost:4321/ → pending (?ms, ?B)
[2026-05-26T19:50:33.887Z] GET http://localhost:4321/ → pending (?ms, ?B)
[2026-05-26T19:50:34.891Z] GET http://localhost:4321/ → pending (?ms, ?B)
[2026-05-26T19:50:35.895Z] GET http://localhost:4321/ → pending (?ms, ?B)
[2026-05-26T19:50:36.896Z] GET http://localhost:4321/ → pending (?ms, ?B)
[2026-05-26T19:50:37.899Z] GET http://localhost:4321/ → pending (?ms, ?B)
[2026-05-26T19:50:38.903Z] GET http://localhost:4321/ → pending (?ms, ?B)
[2026-05-26T19:50:39.905Z] GET http://localhost:4321/ → pending (?ms, ?B)
[2026-05-26T19:50:40.907Z] GET http://localhost:4321/ → pending (?ms, ?B)
[2026-05-26T19:50:41.909Z] GET http://localhost:4321/ → pending (?ms, ?B)
[2026-05-26T19:50:42.912Z] GET http://localhost:4321/ → pending (?ms, ?B)
[2026-05-26T19:50:43.917Z] GET http://localhost:4321/ → pending (?ms, ?B)
[2026-05-26T19:50:44.919Z] GET http://localhost:4321/ → pending (?ms, ?B)
[2026-05-26T19:50:45.923Z] GET http://localhost:4321/ → pending (?ms, ?B)
[2026-05-26T19:50:46.929Z] GET http://localhost:4321/ → pending (?ms, ?B)
[2026-05-26T19:50:47.931Z] GET http://localhost:4321/ → pending (?ms, ?B)
[2026-05-26T19:50:48.936Z] GET http://localhost:4321/ → pending (?ms, ?B)
[2026-05-26T19:50:49.938Z] GET http://localhost:4321/ → pending (?ms, ?B)
[2026-05-26T19:50:50.940Z] GET http://localhost:4321/ → pending (?ms, ?B)
[2026-05-26T19:50:51.944Z] GET http://localhost:4321/ → pending (?ms, ?B)
[2026-05-26T19:50:52.946Z] GET http://localhost:4321/ → pending (?ms, ?B)
[2026-05-26T19:50:53.948Z] GET http://localhost:4321/ → pending (?ms, ?B)
[2026-05-26T19:50:54.952Z] GET http://localhost:4321/ → pending (?ms, ?B)
[2026-05-26T19:50:55.956Z] GET http://localhost:4321/ → pending (?ms, ?B)
[2026-05-26T19:50:56.960Z] GET http://localhost:4321/ → pending (?ms, ?B)
[2026-05-26T19:50:57.962Z] GET http://localhost:4321/ → pending (?ms, ?B)
[2026-05-26T19:50:58.965Z] GET http://localhost:4321/ → pending (?ms, ?B)
[2026-05-26T19:50:59.969Z] GET http://localhost:4321/ → pending (?ms, ?B)
[2026-05-26T19:51:00.974Z] GET http://localhost:4321/ → pending (?ms, ?B)
[2026-05-26T19:51:01.977Z] GET http://localhost:4321/ → pending (?ms, ?B)
[2026-05-26T19:51:02.978Z] GET http://localhost:4321/ → pending (?ms, ?B)
[2026-05-26T19:51:03.981Z] GET http://localhost:4321/ → pending (?ms, ?B)
[2026-05-26T19:51:04.982Z] GET http://localhost:4321/ → pending (?ms, ?B)
[2026-05-26T19:51:05.986Z] GET http://localhost:4321/ → pending (?ms, ?B)
[2026-05-26T19:51:06.988Z] GET http://localhost:4321/ → pending (?ms, ?B)
[2026-05-26T19:51:07.990Z] GET http://localhost:4321/ → pending (?ms, ?B)
[2026-05-26T19:51:08.995Z] GET http://localhost:4321/ → pending (?ms, ?B)
[2026-05-26T19:51:09.996Z] GET http://localhost:4321/ → pending (?ms, ?B)
[2026-05-26T19:51:10.999Z] GET http://localhost:4321/ → pending (?ms, ?B)
[2026-05-26T19:51:12.002Z] GET http://localhost:4321/ → pending (?ms, ?B)
[2026-05-26T19:51:13.005Z] GET http://localhost:4321/ → pending (?ms, ?B)
[2026-05-26T19:51:14.007Z] GET http://localhost:4321/ → pending (?ms, ?B)
[2026-05-26T19:51:15.008Z] GET http://localhost:4321/ → pending (?ms, ?B)
[2026-05-26T19:51:16.011Z] GET http://localhost:4321/ → pending (?ms, ?B)
[2026-05-26T19:51:17.014Z] GET http://localhost:4321/ → pending (?ms, ?B)
[2026-05-26T19:51:18.019Z] GET http://localhost:4321/ → pending (?ms, ?B)
[2026-05-26T19:51:19.022Z] GET http://localhost:4321/ → pending (?ms, ?B)
[2026-05-26T19:51:20.024Z] GET http://localhost:4321/ → pending (?ms, ?B)
[2026-05-26T19:51:21.027Z] GET http://localhost:4321/ → pending (?ms, ?B)
[2026-05-26T19:51:22.028Z] GET http://localhost:4321/ → pending (?ms, ?B)
[2026-05-26T19:51:23.034Z] GET http://localhost:4321/ → pending (?ms, ?B)
[2026-05-26T19:51:24.036Z] GET http://localhost:4321/ → pending (?ms, ?B)
[2026-05-26T19:51:25.036Z] GET http://localhost:4321/ → pending (?ms, ?B)
[2026-05-26T19:51:26.040Z] GET http://localhost:4321/ → pending (?ms, ?B)
[2026-05-26T19:51:27.042Z] GET http://localhost:4321/ → pending (?ms, ?B)
[2026-05-26T19:51:28.044Z] GET http://localhost:4321/ → pending (?ms, ?B)
[2026-05-26T19:51:29.045Z] GET http://localhost:4321/ → pending (?ms, ?B)
[2026-05-26T19:51:30.050Z] GET http://localhost:4321/ → pending (?ms, ?B)
[2026-05-26T19:51:31.055Z] GET http://localhost:4321/ → pending (?ms, ?B)
[2026-05-26T19:51:32.057Z] GET http://localhost:4321/ → pending (?ms, ?B)
[2026-05-26T19:51:33.058Z] GET http://localhost:4321/ → pending (?ms, ?B)
[2026-05-26T19:51:34.060Z] GET http://localhost:4321/ → pending (?ms, ?B)
[2026-05-26T19:51:35.061Z] GET http://localhost:4321/ → pending (?ms, ?B)
[2026-05-26T19:51:36.064Z] GET http://localhost:4321/ → pending (?ms, ?B)
[2026-05-26T19:51:37.066Z] GET http://localhost:4321/ → pending (?ms, ?B)
[2026-05-26T19:51:38.068Z] GET http://localhost:4321/ → pending (?ms, ?B)
[2026-05-26T19:51:39.069Z] GET http://localhost:4321/ → pending (?ms, ?B)
[2026-05-26T19:51:40.071Z] GET http://localhost:4321/ → pending (?ms, ?B)
[2026-05-26T19:51:41.077Z] GET http://localhost:4321/ → pending (?ms, ?B)
[2026-05-26T19:51:42.079Z] GET http://localhost:4321/ → pending (?ms, ?B)
[2026-05-26T19:51:43.082Z] GET http://localhost:4321/ → pending (?ms, ?B)
[2026-05-26T19:51:44.088Z] GET http://localhost:4321/ → pending (?ms, ?B)
[2026-05-26T19:51:45.090Z] GET http://localhost:4321/ → pending (?ms, ?B)
[2026-05-26T19:51:46.092Z] GET http://localhost:4321/ → pending (?ms, ?B)
[2026-05-26T19:51:47.095Z] GET http://localhost:4321/ → pending (?ms, ?B)
[2026-05-26T19:51:48.100Z] GET http://localhost:4321/ → pending (?ms, ?B)
[2026-05-26T19:51:49.102Z] GET http://localhost:4321/ → pending (?ms, ?B)
[2026-05-26T19:51:50.104Z] GET http://localhost:4321/ → pending (?ms, ?B)
[2026-05-26T19:51:51.106Z] GET http://localhost:4321/ → pending (?ms, ?B)
[2026-05-26T19:51:52.108Z] GET http://localhost:4321/ → pending (?ms, ?B)
[2026-05-26T19:51:53.113Z] GET http://localhost:4321/ → pending (?ms, ?B)
[2026-05-26T19:51:54.114Z] GET http://localhost:4321/ → pending (?ms, ?B)
[2026-05-26T19:51:55.116Z] GET http://localhost:4321/ → pending (?ms, ?B)
[2026-05-26T19:51:56.121Z] GET http://localhost:4321/ → pending (?ms, ?B)
[2026-05-26T19:51:57.124Z] GET http://localhost:4321/ → pending (?ms, ?B)
[2026-05-26T19:51:58.126Z] GET http://localhost:4321/ → pending (?ms, ?B)
[2026-05-26T19:51:59.128Z] GET http://localhost:4321/ → pending (?ms, ?B)
[2026-05-26T19:52:00.130Z] GET http://localhost:4321/ → pending (?ms, ?B)
[2026-05-26T19:52:01.132Z] GET http://localhost:4321/ → pending (?ms, ?B)
[2026-05-26T19:52:02.136Z] GET http://localhost:4321/ → pending (?ms, ?B)
[2026-05-26T19:52:03.137Z] GET http://localhost:4321/ → pending (?ms, ?B)
[2026-05-26T19:52:04.139Z] GET http://localhost:4321/ → pending (?ms, ?B)
[2026-05-26T19:52:05.141Z] GET http://localhost:4321/ → pending (?ms, ?B)
[2026-05-26T19:52:06.145Z] GET http://localhost:4321/ → pending (?ms, ?B)
[2026-05-26T19:52:07.147Z] GET http://localhost:4321/ → pending (?ms, ?B)
[2026-05-26T19:52:08.149Z] GET http://localhost:4321/ → pending (?ms, ?B)
[2026-05-26T19:52:09.153Z] GET http://localhost:4321/ → pending (?ms, ?B)
[2026-05-26T19:52:10.156Z] GET http://localhost:4321/ → pending (?ms, ?B)
[2026-05-26T19:52:11.158Z] GET http://localhost:4321/ → pending (?ms, ?B)
[2026-05-26T19:52:12.160Z] GET http://localhost:4321/ → pending (?ms, ?B)
[2026-05-26T19:52:13.164Z] GET http://localhost:4321/ → pending (?ms, ?B)
[2026-05-26T19:52:14.167Z] GET http://localhost:4321/ → pending (?ms, ?B)
[2026-05-26T19:52:15.169Z] GET http://localhost:4321/ → pending (?ms, ?B)
[2026-05-26T19:52:16.172Z] GET http://localhost:4321/ → pending (?ms, ?B)
[2026-05-26T19:52:17.176Z] GET http://localhost:4321/ → pending (?ms, ?B)
[2026-05-26T19:52:18.181Z] GET http://localhost:4321/ → pending (?ms, ?B)
[2026-05-26T19:52:19.185Z] GET http://localhost:4321/ → pending (?ms, ?B)
[2026-05-26T19:52:20.186Z] GET http://localhost:4321/ → pending (?ms, ?B)
[2026-05-26T19:52:21.192Z] GET http://localhost:4321/ → pending (?ms, ?B)
[2026-05-26T19:52:22.193Z] GET http://localhost:4321/ → pending (?ms, ?B)
[2026-05-26T19:52:23.195Z] GET http://localhost:4321/ → pending (?ms, ?B)
[2026-05-26T19:52:24.198Z] GET http://localhost:4321/ → pending (?ms, ?B)
[2026-05-26T19:52:25.199Z] GET http://localhost:4321/ → pending (?ms, ?B)
[2026-05-26T19:52:26.203Z] GET http://localhost:4321/ → pending (?ms, ?B)
[2026-05-26T19:52:27.207Z] GET http://localhost:4321/ → pending (?ms, ?B)
[2026-05-26T19:52:28.209Z] GET http://localhost:4321/ → pending (?ms, ?B)
[2026-05-26T19:52:29.211Z] GET http://localhost:4321/ → pending (?ms, ?B)
[2026-05-26T19:52:30.215Z] GET http://localhost:4321/ → pending (?ms, ?B)
[2026-05-26T19:52:31.217Z] GET http://localhost:4321/ → pending (?ms, ?B)
[2026-05-26T19:52:32.219Z] GET http://localhost:4321/ → pending (?ms, ?B)
[2026-05-26T19:52:33.220Z] GET http://localhost:4321/ → pending (?ms, ?B)
[2026-05-26T19:52:34.224Z] GET http://localhost:4321/ → pending (?ms, ?B)
[2026-05-26T19:52:35.226Z] GET http://localhost:4321/ → pending (?ms, ?B)
[2026-05-26T19:52:36.228Z] GET http://localhost:4321/ → pending (?ms, ?B)
[2026-05-26T19:52:37.232Z] GET http://localhost:4321/ → pending (?ms, ?B)
[2026-05-26T19:52:38.234Z] GET http://localhost:4321/ → pending (?ms, ?B)
[2026-05-26T19:52:39.237Z] GET http://localhost:4321/ → pending (?ms, ?B)
[2026-05-26T19:52:40.241Z] GET http://localhost:4321/ → pending (?ms, ?B)
[2026-05-26T19:52:41.243Z] GET http://localhost:4321/ → pending (?ms, ?B)
[2026-05-26T19:52:42.246Z] GET http://localhost:4321/ → pending (?ms, ?B)
[2026-05-26T19:52:43.249Z] GET http://localhost:4321/ → pending (?ms, ?B)
[2026-05-26T19:52:44.250Z] GET http://localhost:4321/ → pending (?ms, ?B)
[2026-05-26T19:52:45.252Z] GET http://localhost:4321/ → pending (?ms, ?B)
[2026-05-26T19:52:46.254Z] GET http://localhost:4321/ → pending (?ms, ?B)
[2026-05-26T19:52:47.256Z] GET http://localhost:4321/ → pending (?ms, ?B)
[2026-05-26T19:52:48.260Z] GET http://localhost:4321/ → pending (?ms, ?B)
[2026-05-26T19:52:49.264Z] GET http://localhost:4321/ → pending (?ms, ?B)
[2026-05-26T19:52:50.267Z] GET http://localhost:4321/ → pending (?ms, ?B)
[2026-05-26T19:52:51.271Z] GET http://localhost:4321/ → pending (?ms, ?B)
[2026-05-26T19:52:52.273Z] GET http://localhost:4321/ → pending (?ms, ?B)
[2026-05-26T19:52:53.275Z] GET http://localhost:4321/ → pending (?ms, ?B)
[2026-05-26T19:52:54.279Z] GET http://localhost:4321/ → pending (?ms, ?B)
[2026-05-26T19:52:55.281Z] GET http://localhost:4321/ → pending (?ms, ?B)
[2026-05-26T19:52:56.285Z] GET http://localhost:4321/ → pending (?ms, ?B)
[2026-05-26T19:52:57.289Z] GET http://localhost:4321/ → pending (?ms, ?B)
[2026-05-26T19:52:58.293Z] GET http://localhost:4321/ → pending (?ms, ?B)
[2026-05-26T19:52:59.296Z] GET http://localhost:4321/ → pending (?ms, ?B)
[2026-05-26T19:53:00.298Z] GET http://localhost:4321/ → pending (?ms, ?B)
[2026-05-26T19:53:01.300Z] GET http://localhost:4321/ → pending (?ms, ?B)
[2026-05-26T19:53:02.303Z] GET http://localhost:4321/ → pending (?ms, ?B)
[2026-05-26T19:53:03.305Z] GET http://localhost:4321/ → pending (?ms, ?B)
[2026-05-26T19:53:04.307Z] GET http://localhost:4321/ → pending (?ms, ?B)
[2026-05-26T19:53:05.308Z] GET http://localhost:4321/ → pending (?ms, ?B)
[2026-05-26T19:53:06.312Z] GET http://localhost:4321/ → pending (?ms, ?B)
[2026-05-26T19:53:07.314Z] GET http://localhost:4321/ → pending (?ms, ?B)
[2026-05-26T19:53:08.317Z] GET http://localhost:4321/ → pending (?ms, ?B)
[2026-05-26T19:53:09.321Z] GET http://localhost:4321/ → pending (?ms, ?B)
[2026-05-26T19:53:10.323Z] GET http://localhost:4321/ → pending (?ms, ?B)
[2026-05-26T19:53:11.325Z] GET http://localhost:4321/ → pending (?ms, ?B)
[2026-05-26T19:53:12.330Z] GET http://localhost:4321/ → pending (?ms, ?B)
[2026-05-26T19:53:13.332Z] GET http://localhost:4321/ → pending (?ms, ?B)
[2026-05-26T19:53:14.338Z] GET http://localhost:4321/ → pending (?ms, ?B)
[2026-05-26T19:53:15.340Z] GET http://localhost:4321/ → pending (?ms, ?B)
[2026-05-26T19:53:16.345Z] GET http://localhost:4321/ → pending (?ms, ?B)
[2026-05-26T19:53:17.346Z] GET http://localhost:4321/ → pending (?ms, ?B)
[2026-05-26T19:53:18.349Z] GET http://localhost:4321/ → pending (?ms, ?B)
[2026-05-26T19:53:19.352Z] GET http://localhost:4321/ → pending (?ms, ?B)
[2026-05-26T19:53:20.354Z] GET http://localhost:4321/ → pending (?ms, ?B)
[2026-05-26T19:53:21.355Z] GET http://localhost:4321/ → pending (?ms, ?B)
[2026-05-26T19:53:22.357Z] GET http://localhost:4321/ → pending (?ms, ?B)
[2026-05-26T19:53:23.362Z] GET http://localhost:4321/ → pending (?ms, ?B)
[2026-05-26T19:53:24.363Z] GET http://localhost:4321/ → pending (?ms, ?B)
[2026-05-26T19:53:25.364Z] GET http://localhost:4321/ → pending (?ms, ?B)
[2026-05-26T19:53:26.367Z] GET http://localhost:4321/ → pending (?ms, ?B)
[2026-05-26T19:53:27.371Z] GET http://localhost:4321/ → pending (?ms, ?B)
[2026-05-26T19:53:28.372Z] GET http://localhost:4321/ → pending (?ms, ?B)
[2026-05-26T19:53:29.375Z] GET http://localhost:4321/ → pending (?ms, ?B)
[2026-05-26T19:53:30.380Z] GET http://localhost:4321/ → pending (?ms, ?B)
[2026-05-26T19:53:31.382Z] GET http://localhost:4321/ → pending (?ms, ?B)
[2026-05-26T19:53:32.386Z] GET http://localhost:4321/ → pending (?ms, ?B)
[2026-05-26T19:53:33.387Z] GET http://localhost:4321/ → pending (?ms, ?B)
[2026-05-26T19:53:34.388Z] GET http://localhost:4321/ → pending (?ms, ?B)
[2026-05-26T19:53:35.390Z] GET http://localhost:4321/ → pending (?ms, ?B)
[2026-05-26T19:53:36.392Z] GET http://localhost:4321/ → pending (?ms, ?B)
[2026-05-26T19:53:37.396Z] GET http://localhost:4321/ → pending (?ms, ?B)
[2026-05-26T19:53:38.397Z] GET http://localhost:4321/ → pending (?ms, ?B)
[2026-05-26T19:53:39.400Z] GET http://localhost:4321/ → pending (?ms, ?B)
[2026-05-26T19:53:40.404Z] GET http://localhost:4321/ → pending (?ms, ?B)
[2026-05-26T19:53:41.405Z] GET http://localhost:4321/ → pending (?ms, ?B)
[2026-05-26T19:53:42.408Z] GET http://localhost:4321/ → pending (?ms, ?B)
[2026-05-26T19:53:43.414Z] GET http://localhost:4321/ → pending (?ms, ?B)
[2026-05-26T19:53:44.415Z] GET http://localhost:4321/ → pending (?ms, ?B)
[2026-05-26T19:53:45.419Z] GET http://localhost:4321/ → pending (?ms, ?B)
[2026-05-26T19:53:46.421Z] GET http://localhost:4321/ → pending (?ms, ?B)
[2026-05-26T19:53:47.423Z] GET http://localhost:4321/ → pending (?ms, ?B)
[2026-05-26T19:53:48.428Z] GET http://localhost:4321/ → pending (?ms, ?B)
[2026-05-26T19:53:49.430Z] GET http://localhost:4321/ → pending (?ms, ?B)
[2026-05-26T19:53:50.432Z] GET http://localhost:4321/ → pending (?ms, ?B)
[2026-05-26T19:53:51.436Z] GET http://localhost:4321/ → pending (?ms, ?B)
[2026-05-26T19:53:52.437Z] GET http://localhost:4321/ → pending (?ms, ?B)
[2026-05-26T19:53:53.438Z] GET http://localhost:4321/ → pending (?ms, ?B)
[2026-05-26T19:53:54.440Z] GET http://localhost:4321/ → pending (?ms, ?B)
[2026-05-26T19:53:55.442Z] GET http://localhost:4321/ → pending (?ms, ?B)
[2026-05-26T19:53:56.446Z] GET http://localhost:4321/ → pending (?ms, ?B)
[2026-05-26T19:53:57.448Z] GET http://localhost:4321/ → pending (?ms, ?B)
[2026-05-26T19:53:58.455Z] GET http://localhost:4321/ → pending (?ms, ?B)
[2026-05-26T19:53:59.456Z] GET http://localhost:4321/ → pending (?ms, ?B)
[2026-05-26T19:54:00.458Z] GET http://localhost:4321/ → pending (?ms, ?B)
[2026-05-26T19:54:01.461Z] GET http://localhost:4321/ → pending (?ms, ?B)
[2026-05-26T19:54:02.463Z] GET http://localhost:4321/ → pending (?ms, ?B)
[2026-05-26T19:54:03.464Z] GET http://localhost:4321/ → pending (?ms, ?B)
[2026-05-26T19:54:04.466Z] GET http://localhost:4321/ → pending (?ms, ?B)
[2026-05-26T19:54:05.469Z] GET http://localhost:4321/ → pending (?ms, ?B)
[2026-05-26T19:54:06.471Z] GET http://localhost:4321/ → pending (?ms, ?B)
[2026-05-26T19:54:07.472Z] GET http://localhost:4321/ → pending (?ms, ?B)
[2026-05-26T19:54:08.475Z] GET http://localhost:4321/ → pending (?ms, ?B)
[2026-05-26T19:54:09.478Z] GET http://localhost:4321/ → pending (?ms, ?B)
[2026-05-26T19:54:10.479Z] GET http://localhost:4321/ → pending (?ms, ?B)
[2026-05-26T19:54:11.480Z] GET http://localhost:4321/ → pending (?ms, ?B)
[2026-05-26T19:54:12.482Z] GET http://localhost:4321/ → pending (?ms, ?B)
[2026-05-26T19:54:13.487Z] GET http://localhost:4321/ → pending (?ms, ?B)
[2026-05-26T19:54:14.489Z] GET http://localhost:4321/ → pending (?ms, ?B)
[2026-05-26T19:54:15.491Z] GET http://localhost:4321/ → pending (?ms, ?B)
[2026-05-26T19:54:16.494Z] GET http://localhost:4321/ → pending (?ms, ?B)
[2026-05-26T19:54:17.496Z] GET http://localhost:4321/ → pending (?ms, ?B)
[2026-05-26T19:54:18.498Z] GET http://localhost:4321/ → pending (?ms, ?B)
[2026-05-26T19:54:19.500Z] GET http://localhost:4321/ → pending (?ms, ?B)
[2026-05-26T19:54:20.504Z] GET http://localhost:4321/ → pending (?ms, ?B)
[2026-05-26T19:54:21.505Z] GET http://localhost:4321/ → pending (?ms, ?B)
[2026-05-26T19:54:22.507Z] GET http://localhost:4321/ → pending (?ms, ?B)
[2026-05-26T19:54:23.511Z] GET http://localhost:4321/ → pending (?ms, ?B)
[2026-05-26T19:54:24.512Z] GET http://localhost:4321/ → pending (?ms, ?B)
[2026-05-26T19:54:25.514Z] GET http://localhost:4321/ → pending (?ms, ?B)
[2026-05-26T19:54:26.517Z] GET http://localhost:4321/ → pending (?ms, ?B)
[2026-05-26T19:54:27.522Z] GET http://localhost:4321/ → pending (?ms, ?B)
[2026-05-26T19:54:28.523Z] GET http://localhost:4321/ → pending (?ms, ?B)
[2026-05-26T19:54:29.526Z] GET http://localhost:4321/ → pending (?ms, ?B)
[2026-05-26T19:54:30.532Z] GET http://localhost:4321/ → pending (?ms, ?B)
[2026-05-26T19:54:31.534Z] GET http://localhost:4321/ → pending (?ms, ?B)
[2026-05-26T19:54:32.539Z] GET http://localhost:4321/ → pending (?ms, ?B)
[2026-05-26T19:54:33.541Z] GET http://localhost:4321/ → pending (?ms, ?B)
[2026-05-26T19:54:34.543Z] GET http://localhost:4321/ → pending (?ms, ?B)
[2026-05-26T19:54:35.545Z] GET http://localhost:4321/ → pending (?ms, ?B)
[2026-05-26T19:54:36.546Z] GET http://localhost:4321/ → pending (?ms, ?B)
[2026-05-26T19:54:37.552Z] GET http://localhost:4321/ → pending (?ms, ?B)
[2026-05-26T19:54:38.556Z] GET http://localhost:4321/ → pending (?ms, ?B)
[2026-05-26T19:54:39.560Z] GET http://localhost:4321/ → pending (?ms, ?B)
[2026-05-26T19:54:40.565Z] GET http://localhost:4321/ → pending (?ms, ?B)
[2026-05-26T19:54:41.567Z] GET http://localhost:4321/ → pending (?ms, ?B)
[2026-05-26T19:54:42.572Z] GET http://localhost:4321/ → pending (?ms, ?B)
[2026-05-26T19:54:43.576Z] GET http://localhost:4321/ → pending (?ms, ?B)
[2026-05-26T19:54:44.579Z] GET http://localhost:4321/ → pending (?ms, ?B)
[2026-05-26T19:54:45.581Z] GET http://localhost:4321/ → pending (?ms, ?B)
[2026-05-26T19:54:46.583Z] GET http://localhost:4321/ → pending (?ms, ?B)
[2026-05-26T19:54:47.586Z] GET http://localhost:4321/ → pending (?ms, ?B)
[2026-05-26T19:54:48.588Z] GET http://localhost:4321/ → pending (?ms, ?B)
[2026-05-26T19:54:49.590Z] GET http://localhost:4321/ → pending (?ms, ?B)
[2026-05-26T19:54:50.591Z] GET http://localhost:4321/ → pending (?ms, ?B)
[2026-05-26T19:54:51.593Z] GET http://localhost:4321/ → pending (?ms, ?B)
[2026-05-26T19:54:52.597Z] GET http://localhost:4321/ → pending (?ms, ?B)
[2026-05-26T19:54:53.599Z] GET http://localhost:4321/ → pending (?ms, ?B)
[2026-05-26T19:54:54.625Z] GET http://localhost:4321/ → pending (?ms, ?B)
[2026-05-26T19:54:55.652Z] GET http://localhost:4321/ → pending (?ms, ?B)
[2026-05-26T19:54:56.658Z] GET http://localhost:4321/ → pending (?ms, ?B)
