[2026-05-26T19:47:27.922Z] [debug] [vite] connecting...
[2026-05-26T19:47:27.947Z] [debug] [vite] connected.
[2026-05-26T19:47:28.108Z] [info] %cDownload the React DevTools for a better development experience: https://reactjs.org/link/react-devtools font-weight:bold
[2026-05-26T19:49:35.735Z] [log] [vite] server connection lost. Polling for restart...
[2026-05-26T19:49:35.737Z] [error] Failed to load resource: net::ERR_CONNECTION_REFUSED
[2026-05-26T19:49:36.731Z] [error] Failed to load resource: net::ERR_CONNECTION_REFUSED
[2026-05-26T19:49:37.735Z] [error] Failed to load resource: net::ERR_CONNECTION_REFUSED
[2026-05-26T19:49:38.736Z] [error] Failed to load resource: net::ERR_CONNECTION_REFUSED
[2026-05-26T19:49:39.738Z] [error] Failed to load resource: net::ERR_CONNECTION_REFUSED
[2026-05-26T19:49:40.739Z] [error] Failed to load resource: net::ERR_CONNECTION_REFUSED
[2026-05-26T19:49:41.743Z] [error] Failed to load resource: net::ERR_CONNECTION_REFUSED
[2026-05-26T19:49:42.745Z] [error] Failed to load resource: net::ERR_CONNECTION_REFUSED
[2026-05-26T19:49:43.748Z] [error] Failed to load resource: net::ERR_CONNECTION_REFUSED
[2026-05-26T19:49:44.750Z] [error] Failed to load resource: net::ERR_CONNECTION_REFUSED
[2026-05-26T19:49:45.752Z] [error] Failed to load resource: net::ERR_CONNECTION_REFUSED
[2026-05-26T19:49:46.758Z] [error] Failed to load resource: net::ERR_CONNECTION_REFUSED
[2026-05-26T19:49:47.760Z] [error] Failed to load resource: net::ERR_CONNECTION_REFUSED
[2026-05-26T19:49:48.764Z] [error] Failed to load resource: net::ERR_CONNECTION_REFUSED
[2026-05-26T19:49:49.765Z] [error] Failed to load resource: net::ERR_CONNECTION_REFUSED
[2026-05-26T19:49:50.768Z] [error] Failed to load resource: net::ERR_CONNECTION_REFUSED
[2026-05-26T19:49:51.769Z] [error] Failed to load resource: net::ERR_CONNECTION_REFUSED
[2026-05-26T19:49:52.773Z] [error] Failed to load resource: net::ERR_CONNECTION_REFUSED
[2026-05-26T19:49:53.774Z] [error] Failed to load resource: net::ERR_CONNECTION_REFUSED
[2026-05-26T19:49:54.777Z] [error] Failed to load resource: net::ERR_CONNECTION_REFUSED
[2026-05-26T19:49:55.782Z] [error] Failed to load resource: net::ERR_CONNECTION_REFUSED
[2026-05-26T19:49:56.784Z] [error] Failed to load resource: net::ERR_CONNECTION_REFUSED
[2026-05-26T19:49:57.786Z] [error] Failed to load resource: net::ERR_CONNECTION_REFUSED
[2026-05-26T19:49:58.790Z] [error] Failed to load resource: net::ERR_CONNECTION_REFUSED
[2026-05-26T19:49:59.792Z] [error] Failed to load resource: net::ERR_CONNECTION_REFUSED
[2026-05-26T19:50:00.798Z] [error] Failed to load resource: net::ERR_CONNECTION_REFUSED
[2026-05-26T19:50:01.799Z] [error] Failed to load resource: net::ERR_CONNECTION_REFUSED
[2026-05-26T19:50:02.800Z] [error] Failed to load resource: net::ERR_CONNECTION_REFUSED
[2026-05-26T19:50:03.802Z] [error] Failed to load resource: net::ERR_CONNECTION_REFUSED
[2026-05-26T19:50:04.807Z] [error] Failed to load resource: net::ERR_CONNECTION_REFUSED
[2026-05-26T19:50:05.808Z] [error] Failed to load resource: net::ERR_CONNECTION_REFUSED
[2026-05-26T19:50:06.810Z] [error] Failed to load resource: net::ERR_CONNECTION_REFUSED
[2026-05-26T19:50:07.814Z] [error] Failed to load resource: net::ERR_CONNECTION_REFUSED
[2026-05-26T19:50:08.816Z] [error] Failed to load resource: net::ERR_CONNECTION_REFUSED
[2026-05-26T19:50:09.818Z] [error] Failed to load resource: net::ERR_CONNECTION_REFUSED
[2026-05-26T19:50:10.822Z] [error] Failed to load resource: net::ERR_CONNECTION_REFUSED
[2026-05-26T19:50:11.826Z] [error] Failed to load resource: net::ERR_CONNECTION_REFUSED
[2026-05-26T19:50:12.828Z] [error] Failed to load resource: net::ERR_CONNECTION_REFUSED
[2026-05-26T19:50:13.829Z] [error] Failed to load resource: net::ERR_CONNECTION_REFUSED
[2026-05-26T19:50:14.831Z] [error] Failed to load resource: net::ERR_CONNECTION_REFUSED
[2026-05-26T19:50:15.835Z] [error] Failed to load resource: net::ERR_CONNECTION_REFUSED
[2026-05-26T19:50:16.837Z] [error] Failed to load resource: net::ERR_CONNECTION_REFUSED
[2026-05-26T19:50:17.839Z] [error] Failed to load resource: net::ERR_CONNECTION_REFUSED
[2026-05-26T19:50:18.843Z] [error] Failed to load resource: net::ERR_CONNECTION_REFUSED
[2026-05-26T19:50:19.845Z] [error] Failed to load resource: net::ERR_CONNECTION_REFUSED
[2026-05-26T19:50:20.847Z] [error] Failed to load resource: net::ERR_CONNECTION_REFUSED
[2026-05-26T19:50:21.848Z] [error] Failed to load resource: net::ERR_CONNECTION_REFUSED
[2026-05-26T19:50:22.854Z] [error] Failed to load resource: net::ERR_CONNECTION_REFUSED
[2026-05-26T19:50:23.856Z] [error] Failed to load resource: net::ERR_CONNECTION_REFUSED
[2026-05-26T19:50:24.861Z] [error] Failed to load resource: net::ERR_CONNECTION_REFUSED
[2026-05-26T19:50:25.862Z] [error] Failed to load resource: net::ERR_CONNECTION_REFUSED
[2026-05-26T19:50:26.864Z] [error] Failed to load resource: net::ERR_CONNECTION_REFUSED
[2026-05-26T19:50:27.869Z] [error] Failed to load resource: net::ERR_CONNECTION_REFUSED
[2026-05-26T19:50:28.870Z] [error] Failed to load resource: net::ERR_CONNECTION_REFUSED
[2026-05-26T19:50:29.874Z] [error] Failed to load resource: net::ERR_CONNECTION_REFUSED
[2026-05-26T19:50:30.876Z] [error] Failed to load resource: net::ERR_CONNECTION_REFUSED
[2026-05-26T19:50:31.882Z] [error] Failed to load resource: net::ERR_CONNECTION_REFUSED
[2026-05-26T19:50:32.885Z] [error] Failed to load resource: net::ERR_CONNECTION_REFUSED
[2026-05-26T19:50:33.889Z] [error] Failed to load resource: net::ERR_CONNECTION_REFUSED
[2026-05-26T19:50:34.891Z] [error] Failed to load resource: net::ERR_CONNECTION_REFUSED
[2026-05-26T19:50:35.895Z] [error] Failed to load resource: net::ERR_CONNECTION_REFUSED
[2026-05-26T19:50:36.897Z] [error] Failed to load resource: net::ERR_CONNECTION_REFUSED
[2026-05-26T19:50:37.902Z] [error] Failed to load resource: net::ERR_CONNECTION_REFUSED
[2026-05-26T19:50:38.903Z] [error] Failed to load resource: net::ERR_CONNECTION_REFUSED
[2026-05-26T19:50:39.906Z] [error] Failed to load resource: net::ERR_CONNECTION_REFUSED
[2026-05-26T19:50:40.908Z] [error] Failed to load resource: net::ERR_CONNECTION_REFUSED
[2026-05-26T19:50:41.909Z] [error] Failed to load resource: net::ERR_CONNECTION_REFUSED
[2026-05-26T19:50:42.915Z] [error] Failed to load resource: net::ERR_CONNECTION_REFUSED
[2026-05-26T19:50:43.917Z] [error] Failed to load resource: net::ERR_CONNECTION_REFUSED
[2026-05-26T19:50:44.919Z] [error] Failed to load resource: net::ERR_CONNECTION_REFUSED
[2026-05-26T19:50:45.923Z] [error] Failed to load resource: net::ERR_CONNECTION_REFUSED
[2026-05-26T19:50:46.929Z] [error] Failed to load resource: net::ERR_CONNECTION_REFUSED
[2026-05-26T19:50:47.932Z] [error] Failed to load resource: net::ERR_CONNECTION_REFUSED
[2026-05-26T19:50:48.937Z] [error] Failed to load resource: net::ERR_CONNECTION_REFUSED
[2026-05-26T19:50:49.938Z] [error] Failed to load resource: net::ERR_CONNECTION_REFUSED
[2026-05-26T19:50:50.940Z] [error] Failed to load resource: net::ERR_CONNECTION_REFUSED
[2026-05-26T19:50:51.944Z] [error] Failed to load resource: net::ERR_CONNECTION_REFUSED
[2026-05-26T19:50:52.946Z] [error] Failed to load resource: net::ERR_CONNECTION_REFUSED
[2026-05-26T19:50:53.948Z] [error] Failed to load resource: net::ERR_CONNECTION_REFUSED
[2026-05-26T19:50:54.952Z] [error] Failed to load resource: net::ERR_CONNECTION_REFUSED
[2026-05-26T19:50:55.956Z] [error] Failed to load resource: net::ERR_CONNECTION_REFUSED
[2026-05-26T19:50:56.960Z] [error] Failed to load resource: net::ERR_CONNECTION_REFUSED
[2026-05-26T19:50:57.964Z] [error] Failed to load resource: net::ERR_CONNECTION_REFUSED
[2026-05-26T19:50:58.966Z] [error] Failed to load resource: net::ERR_CONNECTION_REFUSED
[2026-05-26T19:50:59.969Z] [error] Failed to load resource: net::ERR_CONNECTION_REFUSED
[2026-05-26T19:51:00.974Z] [error] Failed to load resource: net::ERR_CONNECTION_REFUSED
[2026-05-26T19:51:01.977Z] [error] Failed to load resource: net::ERR_CONNECTION_REFUSED
[2026-05-26T19:51:02.978Z] [error] Failed to load resource: net::ERR_CONNECTION_REFUSED
[2026-05-26T19:51:03.981Z] [error] Failed to load resource: net::ERR_CONNECTION_REFUSED
[2026-05-26T19:51:04.982Z] [error] Failed to load resource: net::ERR_CONNECTION_REFUSED
[2026-05-26T19:51:05.987Z] [error] Failed to load resource: net::ERR_CONNECTION_REFUSED
[2026-05-26T19:51:06.989Z] [error] Failed to load resource: net::ERR_CONNECTION_REFUSED
[2026-05-26T19:51:07.991Z] [error] Failed to load resource: net::ERR_CONNECTION_REFUSED
[2026-05-26T19:51:08.995Z] [error] Failed to load resource: net::ERR_CONNECTION_REFUSED
[2026-05-26T19:51:09.997Z] [error] Failed to load resource: net::ERR_CONNECTION_REFUSED
[2026-05-26T19:51:10.999Z] [error] Failed to load resource: net::ERR_CONNECTION_REFUSED
[2026-05-26T19:51:12.003Z] [error] Failed to load resource: net::ERR_CONNECTION_REFUSED
[2026-05-26T19:51:13.006Z] [error] Failed to load resource: net::ERR_CONNECTION_REFUSED
[2026-05-26T19:51:14.007Z] [error] Failed to load resource: net::ERR_CONNECTION_REFUSED
[2026-05-26T19:51:15.009Z] [error] Failed to load resource: net::ERR_CONNECTION_REFUSED
[2026-05-26T19:51:16.012Z] [error] Failed to load resource: net::ERR_CONNECTION_REFUSED
[2026-05-26T19:51:17.014Z] [error] Failed to load resource: net::ERR_CONNECTION_REFUSED
[2026-05-26T19:51:18.019Z] [error] Failed to load resource: net::ERR_CONNECTION_REFUSED
[2026-05-26T19:51:19.023Z] [error] Failed to load resource: net::ERR_CONNECTION_REFUSED
[2026-05-26T19:51:20.024Z] [error] Failed to load resource: net::ERR_CONNECTION_REFUSED
[2026-05-26T19:51:21.027Z] [error] Failed to load resource: net::ERR_CONNECTION_REFUSED
[2026-05-26T19:51:22.029Z] [error] Failed to load resource: net::ERR_CONNECTION_REFUSED
[2026-05-26T19:51:23.034Z] [error] Failed to load resource: net::ERR_CONNECTION_REFUSED
[2026-05-26T19:51:24.036Z] [error] Failed to load resource: net::ERR_CONNECTION_REFUSED
[2026-05-26T19:51:25.037Z] [error] Failed to load resource: net::ERR_CONNECTION_REFUSED
[2026-05-26T19:51:26.040Z] [error] Failed to load resource: net::ERR_CONNECTION_REFUSED
[2026-05-26T19:51:27.042Z] [error] Failed to load resource: net::ERR_CONNECTION_REFUSED
[2026-05-26T19:51:28.044Z] [error] Failed to load resource: net::ERR_CONNECTION_REFUSED
[2026-05-26T19:51:29.048Z] [error] Failed to load resource: net::ERR_CONNECTION_REFUSED
[2026-05-26T19:51:30.053Z] [error] Failed to load resource: net::ERR_CONNECTION_REFUSED
[2026-05-26T19:51:31.055Z] [error] Failed to load resource: net::ERR_CONNECTION_REFUSED
[2026-05-26T19:51:32.057Z] [error] Failed to load resource: net::ERR_CONNECTION_REFUSED
[2026-05-26T19:51:33.058Z] [error] Failed to load resource: net::ERR_CONNECTION_REFUSED
[2026-05-26T19:51:34.060Z] [error] Failed to load resource: net::ERR_CONNECTION_REFUSED
[2026-05-26T19:51:35.062Z] [error] Failed to load resource: net::ERR_CONNECTION_REFUSED
[2026-05-26T19:51:36.065Z] [error] Failed to load resource: net::ERR_CONNECTION_REFUSED
[2026-05-26T19:51:37.066Z] [error] Failed to load resource: net::ERR_CONNECTION_REFUSED
[2026-05-26T19:51:38.068Z] [error] Failed to load resource: net::ERR_CONNECTION_REFUSED
[2026-05-26T19:51:39.069Z] [error] Failed to load resource: net::ERR_CONNECTION_REFUSED
[2026-05-26T19:51:40.074Z] [error] Failed to load resource: net::ERR_CONNECTION_REFUSED
[2026-05-26T19:51:41.078Z] [error] Failed to load resource: net::ERR_CONNECTION_REFUSED
[2026-05-26T19:51:42.080Z] [error] Failed to load resource: net::ERR_CONNECTION_REFUSED
[2026-05-26T19:51:43.083Z] [error] Failed to load resource: net::ERR_CONNECTION_REFUSED
[2026-05-26T19:51:44.088Z] [error] Failed to load resource: net::ERR_CONNECTION_REFUSED
[2026-05-26T19:51:45.090Z] [error] Failed to load resource: net::ERR_CONNECTION_REFUSED
[2026-05-26T19:51:46.092Z] [error] Failed to load resource: net::ERR_CONNECTION_REFUSED
[2026-05-26T19:51:47.095Z] [error] Failed to load resource: net::ERR_CONNECTION_REFUSED
[2026-05-26T19:51:48.101Z] [error] Failed to load resource: net::ERR_CONNECTION_REFUSED
[2026-05-26T19:51:49.103Z] [error] Failed to load resource: net::ERR_CONNECTION_REFUSED
[2026-05-26T19:51:50.105Z] [error] Failed to load resource: net::ERR_CONNECTION_REFUSED
[2026-05-26T19:51:51.106Z] [error] Failed to load resource: net::ERR_CONNECTION_REFUSED
[2026-05-26T19:51:52.111Z] [error] Failed to load resource: net::ERR_CONNECTION_REFUSED
[2026-05-26T19:51:53.113Z] [error] Failed to load resource: net::ERR_CONNECTION_REFUSED
[2026-05-26T19:51:54.114Z] [error] Failed to load resource: net::ERR_CONNECTION_REFUSED
[2026-05-26T19:51:55.119Z] [error] Failed to load resource: net::ERR_CONNECTION_REFUSED
[2026-05-26T19:51:56.122Z] [error] Failed to load resource: net::ERR_CONNECTION_REFUSED
[2026-05-26T19:51:57.124Z] [error] Failed to load resource: net::ERR_CONNECTION_REFUSED
[2026-05-26T19:51:58.126Z] [error] Failed to load resource: net::ERR_CONNECTION_REFUSED
[2026-05-26T19:51:59.128Z] [error] Failed to load resource: net::ERR_CONNECTION_REFUSED
[2026-05-26T19:52:00.130Z] [error] Failed to load resource: net::ERR_CONNECTION_REFUSED
[2026-05-26T19:52:01.136Z] [error] Failed to load resource: net::ERR_CONNECTION_REFUSED
[2026-05-26T19:52:02.137Z] [error] Failed to load resource: net::ERR_CONNECTION_REFUSED
[2026-05-26T19:52:03.138Z] [error] Failed to load resource: net::ERR_CONNECTION_REFUSED
[2026-05-26T19:52:04.139Z] [error] Failed to load resource: net::ERR_CONNECTION_REFUSED
[2026-05-26T19:52:05.144Z] [error] Failed to load resource: net::ERR_CONNECTION_REFUSED
[2026-05-26T19:52:06.146Z] [error] Failed to load resource: net::ERR_CONNECTION_REFUSED
[2026-05-26T19:52:07.148Z] [error] Failed to load resource: net::ERR_CONNECTION_REFUSED
[2026-05-26T19:52:08.152Z] [error] Failed to load resource: net::ERR_CONNECTION_REFUSED
[2026-05-26T19:52:09.154Z] [error] Failed to load resource: net::ERR_CONNECTION_REFUSED
[2026-05-26T19:52:10.156Z] [error] Failed to load resource: net::ERR_CONNECTION_REFUSED
[2026-05-26T19:52:11.158Z] [error] Failed to load resource: net::ERR_CONNECTION_REFUSED
[2026-05-26T19:52:12.161Z] [error] Failed to load resource: net::ERR_CONNECTION_REFUSED
[2026-05-26T19:52:13.166Z] [error] Failed to load resource: net::ERR_CONNECTION_REFUSED
[2026-05-26T19:52:14.167Z] [error] Failed to load resource: net::ERR_CONNECTION_REFUSED
[2026-05-26T19:52:15.169Z] [error] Failed to load resource: net::ERR_CONNECTION_REFUSED
[2026-05-26T19:52:16.174Z] [error] Failed to load resource: net::ERR_CONNECTION_REFUSED
[2026-05-26T19:52:17.176Z] [error] Failed to load resource: net::ERR_CONNECTION_REFUSED
[2026-05-26T19:52:18.183Z] [error] Failed to load resource: net::ERR_CONNECTION_REFUSED
[2026-05-26T19:52:19.185Z] [error] Failed to load resource: net::ERR_CONNECTION_REFUSED
[2026-05-26T19:52:20.186Z] [error] Failed to load resource: net::ERR_CONNECTION_REFUSED
[2026-05-26T19:52:21.192Z] [error] Failed to load resource: net::ERR_CONNECTION_REFUSED
[2026-05-26T19:52:22.193Z] [error] Failed to load resource: net::ERR_CONNECTION_REFUSED
[2026-05-26T19:52:23.196Z] [error] Failed to load resource: net::ERR_CONNECTION_REFUSED
[2026-05-26T19:52:24.198Z] [error] Failed to load resource: net::ERR_CONNECTION_REFUSED
[2026-05-26T19:52:25.201Z] [error] Failed to load resource: net::ERR_CONNECTION_REFUSED
[2026-05-26T19:52:26.203Z] [error] Failed to load resource: net::ERR_CONNECTION_REFUSED
[2026-05-26T19:52:27.208Z] [error] Failed to load resource: net::ERR_CONNECTION_REFUSED
[2026-05-26T19:52:28.209Z] [error] Failed to load resource: net::ERR_CONNECTION_REFUSED
[2026-05-26T19:52:29.211Z] [error] Failed to load resource: net::ERR_CONNECTION_REFUSED
[2026-05-26T19:52:30.215Z] [error] Failed to load resource: net::ERR_CONNECTION_REFUSED
[2026-05-26T19:52:31.217Z] [error] Failed to load resource: net::ERR_CONNECTION_REFUSED
[2026-05-26T19:52:32.219Z] [error] Failed to load resource: net::ERR_CONNECTION_REFUSED
[2026-05-26T19:52:33.223Z] [error] Failed to load resource: net::ERR_CONNECTION_REFUSED
[2026-05-26T19:52:34.224Z] [error] Failed to load resource: net::ERR_CONNECTION_REFUSED
[2026-05-26T19:52:35.226Z] [error] Failed to load resource: net::ERR_CONNECTION_REFUSED
[2026-05-26T19:52:36.231Z] [error] Failed to load resource: net::ERR_CONNECTION_REFUSED
[2026-05-26T19:52:37.233Z] [error] Failed to load resource: net::ERR_CONNECTION_REFUSED
[2026-05-26T19:52:38.235Z] [error] Failed to load resource: net::ERR_CONNECTION_REFUSED
[2026-05-26T19:52:39.240Z] [error] Failed to load resource: net::ERR_CONNECTION_REFUSED
[2026-05-26T19:52:40.242Z] [error] Failed to load resource: net::ERR_CONNECTION_REFUSED
[2026-05-26T19:52:41.244Z] [error] Failed to load resource: net::ERR_CONNECTION_REFUSED
[2026-05-26T19:52:42.248Z] [error] Failed to load resource: net::ERR_CONNECTION_REFUSED
[2026-05-26T19:52:43.249Z] [error] Failed to load resource: net::ERR_CONNECTION_REFUSED
[2026-05-26T19:52:44.251Z] [error] Failed to load resource: net::ERR_CONNECTION_REFUSED
[2026-05-26T19:52:45.252Z] [error] Failed to load resource: net::ERR_CONNECTION_REFUSED
[2026-05-26T19:52:46.254Z] [error] Failed to load resource: net::ERR_CONNECTION_REFUSED
[2026-05-26T19:52:47.256Z] [error] Failed to load resource: net::ERR_CONNECTION_REFUSED
[2026-05-26T19:52:48.263Z] [error] Failed to load resource: net::ERR_CONNECTION_REFUSED
[2026-05-26T19:52:49.265Z] [error] Failed to load resource: net::ERR_CONNECTION_REFUSED
[2026-05-26T19:52:50.270Z] [error] Failed to load resource: net::ERR_CONNECTION_REFUSED
[2026-05-26T19:52:51.271Z] [error] Failed to load resource: net::ERR_CONNECTION_REFUSED
[2026-05-26T19:52:52.273Z] [error] Failed to load resource: net::ERR_CONNECTION_REFUSED
[2026-05-26T19:52:53.277Z] [error] Failed to load resource: net::ERR_CONNECTION_REFUSED
[2026-05-26T19:52:54.279Z] [error] Failed to load resource: net::ERR_CONNECTION_REFUSED
[2026-05-26T19:52:55.282Z] [error] Failed to load resource: net::ERR_CONNECTION_REFUSED
[2026-05-26T19:52:56.288Z] [error] Failed to load resource: net::ERR_CONNECTION_REFUSED
[2026-05-26T19:52:57.289Z] [error] Failed to load resource: net::ERR_CONNECTION_REFUSED
[2026-05-26T19:52:58.296Z] [error] Failed to load resource: net::ERR_CONNECTION_REFUSED
[2026-05-26T19:52:59.297Z] [error] Failed to load resource: net::ERR_CONNECTION_REFUSED
[2026-05-26T19:53:00.298Z] [error] Failed to load resource: net::ERR_CONNECTION_REFUSED
[2026-05-26T19:53:01.302Z] [error] Failed to load resource: net::ERR_CONNECTION_REFUSED
[2026-05-26T19:53:02.304Z] [error] Failed to load resource: net::ERR_CONNECTION_REFUSED
[2026-05-26T19:53:03.305Z] [error] Failed to load resource: net::ERR_CONNECTION_REFUSED
[2026-05-26T19:53:04.307Z] [error] Failed to load resource: net::ERR_CONNECTION_REFUSED
[2026-05-26T19:53:05.311Z] [error] Failed to load resource: net::ERR_CONNECTION_REFUSED
[2026-05-26T19:53:06.312Z] [error] Failed to load resource: net::ERR_CONNECTION_REFUSED
[2026-05-26T19:53:07.314Z] [error] Failed to load resource: net::ERR_CONNECTION_REFUSED
[2026-05-26T19:53:08.320Z] [error] Failed to load resource: net::ERR_CONNECTION_REFUSED
[2026-05-26T19:53:09.321Z] [error] Failed to load resource: net::ERR_CONNECTION_REFUSED
[2026-05-26T19:53:10.323Z] [error] Failed to load resource: net::ERR_CONNECTION_REFUSED
[2026-05-26T19:53:11.328Z] [error] Failed to load resource: net::ERR_CONNECTION_REFUSED
[2026-05-26T19:53:12.330Z] [error] Failed to load resource: net::ERR_CONNECTION_REFUSED
[2026-05-26T19:53:13.336Z] [error] Failed to load resource: net::ERR_CONNECTION_REFUSED
[2026-05-26T19:53:14.338Z] [error] Failed to load resource: net::ERR_CONNECTION_REFUSED
[2026-05-26T19:53:15.341Z] [error] Failed to load resource: net::ERR_CONNECTION_REFUSED
[2026-05-26T19:53:16.346Z] [error] Failed to load resource: net::ERR_CONNECTION_REFUSED
[2026-05-26T19:53:17.347Z] [error] Failed to load resource: net::ERR_CONNECTION_REFUSED
[2026-05-26T19:53:18.349Z] [error] Failed to load resource: net::ERR_CONNECTION_REFUSED
[2026-05-26T19:53:19.353Z] [error] Failed to load resource: net::ERR_CONNECTION_REFUSED
[2026-05-26T19:53:20.354Z] [error] Failed to load resource: net::ERR_CONNECTION_REFUSED
[2026-05-26T19:53:21.356Z] [error] Failed to load resource: net::ERR_CONNECTION_REFUSED
[2026-05-26T19:53:22.357Z] [error] Failed to load resource: net::ERR_CONNECTION_REFUSED
[2026-05-26T19:53:23.362Z] [error] Failed to load resource: net::ERR_CONNECTION_REFUSED
[2026-05-26T19:53:24.363Z] [error] Failed to load resource: net::ERR_CONNECTION_REFUSED
[2026-05-26T19:53:25.365Z] [error] Failed to load resource: net::ERR_CONNECTION_REFUSED
[2026-05-26T19:53:26.369Z] [error] Failed to load resource: net::ERR_CONNECTION_REFUSED
[2026-05-26T19:53:27.371Z] [error] Failed to load resource: net::ERR_CONNECTION_REFUSED
[2026-05-26T19:53:28.373Z] [error] Failed to load resource: net::ERR_CONNECTION_REFUSED
[2026-05-26T19:53:29.378Z] [error] Failed to load resource: net::ERR_CONNECTION_REFUSED
[2026-05-26T19:53:30.380Z] [error] Failed to load resource: net::ERR_CONNECTION_REFUSED
[2026-05-26T19:53:31.382Z] [error] Failed to load resource: net::ERR_CONNECTION_REFUSED
[2026-05-26T19:53:32.386Z] [error] Failed to load resource: net::ERR_CONNECTION_REFUSED
[2026-05-26T19:53:33.387Z] [error] Failed to load resource: net::ERR_CONNECTION_REFUSED
[2026-05-26T19:53:34.388Z] [error] Failed to load resource: net::ERR_CONNECTION_REFUSED
[2026-05-26T19:53:35.390Z] [error] Failed to load resource: net::ERR_CONNECTION_REFUSED
[2026-05-26T19:53:36.394Z] [error] Failed to load resource: net::ERR_CONNECTION_REFUSED
[2026-05-26T19:53:37.396Z] [error] Failed to load resource: net::ERR_CONNECTION_REFUSED
[2026-05-26T19:53:38.398Z] [error] Failed to load resource: net::ERR_CONNECTION_REFUSED
[2026-05-26T19:53:39.403Z] [error] Failed to load resource: net::ERR_CONNECTION_REFUSED
[2026-05-26T19:53:40.404Z] [error] Failed to load resource: net::ERR_CONNECTION_REFUSED
[2026-05-26T19:53:41.406Z] [error] Failed to load resource: net::ERR_CONNECTION_REFUSED
[2026-05-26T19:53:42.410Z] [error] Failed to load resource: net::ERR_CONNECTION_REFUSED
[2026-05-26T19:53:43.414Z] [error] Failed to load resource: net::ERR_CONNECTION_REFUSED
[2026-05-26T19:53:44.415Z] [error] Failed to load resource: net::ERR_CONNECTION_REFUSED
[2026-05-26T19:53:45.419Z] [error] Failed to load resource: net::ERR_CONNECTION_REFUSED
[2026-05-26T19:53:46.421Z] [error] Failed to load resource: net::ERR_CONNECTION_REFUSED
[2026-05-26T19:53:47.423Z] [error] Failed to load resource: net::ERR_CONNECTION_REFUSED
[2026-05-26T19:53:48.429Z] [error] Failed to load resource: net::ERR_CONNECTION_REFUSED
[2026-05-26T19:53:49.430Z] [error] Failed to load resource: net::ERR_CONNECTION_REFUSED
[2026-05-26T19:53:50.432Z] [error] Failed to load resource: net::ERR_CONNECTION_REFUSED
[2026-05-26T19:53:51.436Z] [error] Failed to load resource: net::ERR_CONNECTION_REFUSED
[2026-05-26T19:53:52.438Z] [error] Failed to load resource: net::ERR_CONNECTION_REFUSED
[2026-05-26T19:53:53.439Z] [error] Failed to load resource: net::ERR_CONNECTION_REFUSED
[2026-05-26T19:53:54.441Z] [error] Failed to load resource: net::ERR_CONNECTION_REFUSED
[2026-05-26T19:53:55.445Z] [error] Failed to load resource: net::ERR_CONNECTION_REFUSED
[2026-05-26T19:53:56.447Z] [error] Failed to load resource: net::ERR_CONNECTION_REFUSED
[2026-05-26T19:53:57.449Z] [error] Failed to load resource: net::ERR_CONNECTION_REFUSED
[2026-05-26T19:53:58.455Z] [error] Failed to load resource: net::ERR_CONNECTION_REFUSED
[2026-05-26T19:53:59.456Z] [error] Failed to load resource: net::ERR_CONNECTION_REFUSED
[2026-05-26T19:54:00.460Z] [error] Failed to load resource: net::ERR_CONNECTION_REFUSED
[2026-05-26T19:54:01.461Z] [error] Failed to load resource: net::ERR_CONNECTION_REFUSED
[2026-05-26T19:54:02.463Z] [error] Failed to load resource: net::ERR_CONNECTION_REFUSED
[2026-05-26T19:54:03.465Z] [error] Failed to load resource: net::ERR_CONNECTION_REFUSED
[2026-05-26T19:54:04.466Z] [error] Failed to load resource: net::ERR_CONNECTION_REFUSED
[2026-05-26T19:54:05.469Z] [error] Failed to load resource: net::ERR_CONNECTION_REFUSED
[2026-05-26T19:54:06.471Z] [error] Failed to load resource: net::ERR_CONNECTION_REFUSED
[2026-05-26T19:54:07.473Z] [error] Failed to load resource: net::ERR_CONNECTION_REFUSED
[2026-05-26T19:54:08.477Z] [error] Failed to load resource: net::ERR_CONNECTION_REFUSED
[2026-05-26T19:54:09.478Z] [error] Failed to load resource: net::ERR_CONNECTION_REFUSED
[2026-05-26T19:54:10.479Z] [error] Failed to load resource: net::ERR_CONNECTION_REFUSED
[2026-05-26T19:54:11.481Z] [error] Failed to load resource: net::ERR_CONNECTION_REFUSED
[2026-05-26T19:54:12.483Z] [error] Failed to load resource: net::ERR_CONNECTION_REFUSED
[2026-05-26T19:54:13.487Z] [error] Failed to load resource: net::ERR_CONNECTION_REFUSED
[2026-05-26T19:54:14.489Z] [error] Failed to load resource: net::ERR_CONNECTION_REFUSED
[2026-05-26T19:54:15.491Z] [error] Failed to load resource: net::ERR_CONNECTION_REFUSED
[2026-05-26T19:54:16.495Z] [error] Failed to load resource: net::ERR_CONNECTION_REFUSED
[2026-05-26T19:54:17.496Z] [error] Failed to load resource: net::ERR_CONNECTION_REFUSED
[2026-05-26T19:54:18.498Z] [error] Failed to load resource: net::ERR_CONNECTION_REFUSED
[2026-05-26T19:54:19.502Z] [error] Failed to load resource: net::ERR_CONNECTION_REFUSED
[2026-05-26T19:54:20.504Z] [error] Failed to load resource: net::ERR_CONNECTION_REFUSED
[2026-05-26T19:54:21.505Z] [error] Failed to load resource: net::ERR_CONNECTION_REFUSED
[2026-05-26T19:54:22.509Z] [error] Failed to load resource: net::ERR_CONNECTION_REFUSED
[2026-05-26T19:54:23.511Z] [error] Failed to load resource: net::ERR_CONNECTION_REFUSED
[2026-05-26T19:54:24.513Z] [error] Failed to load resource: net::ERR_CONNECTION_REFUSED
[2026-05-26T19:54:25.515Z] [error] Failed to load resource: net::ERR_CONNECTION_REFUSED
[2026-05-26T19:54:26.521Z] [error] Failed to load resource: net::ERR_CONNECTION_REFUSED
[2026-05-26T19:54:27.522Z] [error] Failed to load resource: net::ERR_CONNECTION_REFUSED
[2026-05-26T19:54:28.523Z] [error] Failed to load resource: net::ERR_CONNECTION_REFUSED
[2026-05-26T19:54:29.530Z] [error] Failed to load resource: net::ERR_CONNECTION_REFUSED
[2026-05-26T19:54:30.532Z] [error] Failed to load resource: net::ERR_CONNECTION_REFUSED
[2026-05-26T19:54:31.538Z] [error] Failed to load resource: net::ERR_CONNECTION_REFUSED
[2026-05-26T19:54:32.540Z] [error] Failed to load resource: net::ERR_CONNECTION_REFUSED
[2026-05-26T19:54:33.541Z] [error] Failed to load resource: net::ERR_CONNECTION_REFUSED
[2026-05-26T19:54:34.543Z] [error] Failed to load resource: net::ERR_CONNECTION_REFUSED
[2026-05-26T19:54:35.545Z] [error] Failed to load resource: net::ERR_CONNECTION_REFUSED
[2026-05-26T19:54:36.547Z] [error] Failed to load resource: net::ERR_CONNECTION_REFUSED
[2026-05-26T19:54:37.552Z] [error] Failed to load resource: net::ERR_CONNECTION_REFUSED
[2026-05-26T19:54:38.556Z] [error] Failed to load resource: net::ERR_CONNECTION_REFUSED
[2026-05-26T19:54:39.560Z] [error] Failed to load resource: net::ERR_CONNECTION_REFUSED
[2026-05-26T19:54:40.565Z] [error] Failed to load resource: net::ERR_CONNECTION_REFUSED
[2026-05-26T19:54:41.570Z] [error] Failed to load resource: net::ERR_CONNECTION_REFUSED
[2026-05-26T19:54:42.573Z] [error] Failed to load resource: net::ERR_CONNECTION_REFUSED
[2026-05-26T19:54:43.576Z] [error] Failed to load resource: net::ERR_CONNECTION_REFUSED
[2026-05-26T19:54:44.579Z] [error] Failed to load resource: net::ERR_CONNECTION_REFUSED
[2026-05-26T19:54:45.581Z] [error] Failed to load resource: net::ERR_CONNECTION_REFUSED
[2026-05-26T19:54:46.585Z] [error] Failed to load resource: net::ERR_CONNECTION_REFUSED
[2026-05-26T19:54:47.587Z] [error] Failed to load resource: net::ERR_CONNECTION_REFUSED
[2026-05-26T19:54:48.588Z] [error] Failed to load resource: net::ERR_CONNECTION_REFUSED
[2026-05-26T19:54:49.590Z] [error] Failed to load resource: net::ERR_CONNECTION_REFUSED
[2026-05-26T19:54:50.592Z] [error] Failed to load resource: net::ERR_CONNECTION_REFUSED
[2026-05-26T19:54:51.593Z] [error] Failed to load resource: net::ERR_CONNECTION_REFUSED
[2026-05-26T19:54:52.598Z] [error] Failed to load resource: net::ERR_CONNECTION_REFUSED
[2026-05-26T19:54:53.600Z] [error] Failed to load resource: net::ERR_CONNECTION_REFUSED
[2026-05-26T19:54:54.649Z] [error] Failed to load resource: net::ERR_CONNECTION_REFUSED
[2026-05-26T19:54:55.656Z] [error] Failed to load resource: net::ERR_CONNECTION_REFUSED
[2026-05-26T19:54:56.658Z] [error] Failed to load resource: net::ERR_CONNECTION_REFUSED
